<?xml version="1.0" encoding="UTF-8"?>
<!-- Generated by org.testng.reporters.JUnitReportReporter -->
<testsuite hostname="DESKTOP-FSPGNRN" failures="0" tests="1" name="testCases.TC100_AccountRegisterTest" time="3.109" errors="0" timestamp="2025-03-31T12:12:56 IST" skipped="0">
  <testcase classname="testCases.TC100_AccountRegisterTest" name="create_Account_Registration" time="3.109"/>
</testsuite> <!-- testCases.TC100_AccountRegisterTest -->
