<?xml version="1.0" encoding="UTF-8"?>
<!-- Generated by org.testng.reporters.JUnitReportReporter -->
<testsuite hostname="DESKTOP-FSPGNRN" failures="0" tests="1" name="testCases.TC100_OpenChrome" time="0.942" errors="0" timestamp="2025-03-31T03:22:20 IST" skipped="0">
  <testcase classname="testCases.TC100_OpenChrome" name="open_chrome_browser" time="0.942"/>
</testsuite> <!-- testCases.TC100_OpenChrome -->
