<?xml version="1.0" encoding="UTF-8"?>
<!-- Generated by org.testng.reporters.JUnitReportReporter -->
<testsuite hostname="DESKTOP-FSPGNRN" failures="0" tests="1" name="testCases.TC101_LoginTest" time="2.326" errors="0" timestamp="2025-04-03T18:22:13 IST" skipped="0">
  <testcase classname="testCases.TC101_LoginTest" name="validate_Login_Test" time="2.326"/>
</testsuite> <!-- testCases.TC101_LoginTest -->
