<?xml version="1.0" encoding="UTF-8"?>
<!-- Generated by org.testng.reporters.JUnitReportReporter -->
<testsuite hostname="DESKTOP-FSPGNRN" failures="0" tests="1" name="testCases.TC101_LoginTest" time="1.777" errors="0" timestamp="2025-04-01T18:08:55 IST" skipped="0">
  <testcase classname="testCases.TC101_LoginTest" name="validate_Login_Test" time="1.777"/>
</testsuite> <!-- testCases.TC101_LoginTest -->
